Intermediate/Android/armv7/gradle/app/build/intermediates/manifest_merge_blame_file/debug/manifest-merger-blame-debug-report.txt
1<?xml version="1.0" encoding="utf-8"?>
2<manifest xmlns:android="http://schemas.android.com/apk/res/android"
3    package="com.epicgames.HanZiCombat"
4    android:installLocation="internalOnly"
5    android:versionCode="1"
6    android:versionName="1.0" >
7
8    <uses-sdk
9        android:minSdkVersion="23"
9-->src\main\AndroidManifest.xml
10        android:targetSdkVersion="30" />
10-->src\main\AndroidManifest.xml
11
12    <queries>
12-->src\main\AndroidManifest.xml:2:3-13:13
13        <intent>
13-->src\main\AndroidManifest.xml:3:5-7:14
14            <action android:name="android.intent.action.VIEW" />
14-->src\main\AndroidManifest.xml:4:7-59
14-->src\main\AndroidManifest.xml:4:15-56
15
16            <category android:name="android.intent.category.BROWSABLE" />
16-->src\main\AndroidManifest.xml:5:7-68
16-->src\main\AndroidManifest.xml:5:17-65
17
18            <data android:scheme="http" />
18-->src\main\AndroidManifest.xml:6:7-37
18-->src\main\AndroidManifest.xml:6:13-34
19        </intent>
20        <intent>
20-->src\main\AndroidManifest.xml:3:5-7:14
21            <action android:name="android.intent.action.VIEW" />
21-->src\main\AndroidManifest.xml:4:7-59
21-->src\main\AndroidManifest.xml:4:15-56
22
23            <category android:name="android.intent.category.BROWSABLE" />
23-->src\main\AndroidManifest.xml:5:7-68
23-->src\main\AndroidManifest.xml:5:17-65
24
25            <data android:scheme="https" />
25-->src\main\AndroidManifest.xml:6:7-37
25-->src\main\AndroidManifest.xml:6:13-34
26        </intent>
27    </queries>
28    <!-- Requirements -->
29    <uses-feature
29-->src\main\AndroidManifest.xml:60:3-76
30        android:glEsVersion="0x00030001"
30-->src\main\AndroidManifest.xml:60:17-49
31        android:required="true" />
31-->src\main\AndroidManifest.xml:60:50-73
32
33    <uses-permission android:name="android.permission.INTERNET" />
33-->src\main\AndroidManifest.xml:61:3-65
33-->src\main\AndroidManifest.xml:61:20-62
34    <uses-permission android:name="android.permission.WRITE_EXTERNAL_STORAGE" />
34-->src\main\AndroidManifest.xml:62:3-79
34-->src\main\AndroidManifest.xml:62:20-76
35    <uses-permission android:name="android.permission.ACCESS_NETWORK_STATE" />
35-->src\main\AndroidManifest.xml:63:3-77
35-->src\main\AndroidManifest.xml:63:20-74
36    <uses-permission android:name="android.permission.WAKE_LOCK" />
36-->src\main\AndroidManifest.xml:64:3-66
36-->src\main\AndroidManifest.xml:64:20-63
37    <uses-permission android:name="com.android.vending.CHECK_LICENSE" />
37-->src\main\AndroidManifest.xml:65:3-71
37-->src\main\AndroidManifest.xml:65:20-68
38    <uses-permission android:name="android.permission.ACCESS_WIFI_STATE" />
38-->src\main\AndroidManifest.xml:66:3-74
38-->src\main\AndroidManifest.xml:66:20-71
39    <uses-permission android:name="com.android.vending.BILLING" />
39-->src\main\AndroidManifest.xml:67:3-65
39-->src\main\AndroidManifest.xml:67:20-62
40    <!-- Supported texture compression formats (cooked) -->
41    <supports-gl-texture android:name="GL_KHR_texture_compression_astc_ldr" />
41-->src\main\AndroidManifest.xml:69:3-77
41-->src\main\AndroidManifest.xml:69:24-74
42
43    <uses-feature
43-->src\main\AndroidManifest.xml:70:3-111
44        android:name="android.hardware.vr.headtracking"
44-->src\main\AndroidManifest.xml:70:17-64
45        android:required="true"
45-->src\main\AndroidManifest.xml:70:85-108
46        android:version="1" />
46-->src\main\AndroidManifest.xml:70:65-84
47
48    <uses-permission android:name="com.oculus.permission.HAND_TRACKING" />
48-->src\main\AndroidManifest.xml:71:3-73
48-->src\main\AndroidManifest.xml:71:20-70
49
50    <uses-feature
50-->src\main\AndroidManifest.xml:72:3-88
51        android:name="oculus.software.handtracking"
51-->src\main\AndroidManifest.xml:72:17-60
52        android:required="false" />
52-->src\main\AndroidManifest.xml:72:61-85
53
54    <uses-permission android:name="android.permission.READ_EXTERNAL_STORAGE" />
54-->src\main\AndroidManifest.xml:73:3-78
54-->src\main\AndroidManifest.xml:73:20-75
55
56    <uses-feature android:name="android.hardware.usb.host" />
56-->src\main\AndroidManifest.xml:74:3-60
56-->src\main\AndroidManifest.xml:74:17-57
57    <!-- Application Definition -->
58    <application
58-->src\main\AndroidManifest.xml:15:3-58:17
59        android:name="com.epicgames.ue4.GameApplication"
59-->src\main\AndroidManifest.xml:15:147-195
60        android:appComponentFactory="androidx.core.app.CoreComponentFactory"
60-->[androidx.core:core:1.0.0] AndroidManifest.xml:22:18-86
61        android:debuggable="true"
62        android:extractNativeLibs="true"
62-->src\main\AndroidManifest.xml:15:114-146
63        android:hardwareAccelerated="true"
63-->src\main\AndroidManifest.xml:15:79-113
64        android:hasCode="true"
64-->src\main\AndroidManifest.xml:15:240-262
65        android:icon="@drawable/icon"
65-->src\main\AndroidManifest.xml:15:49-78
66        android:label="@string/app_name"
66-->src\main\AndroidManifest.xml:15:16-48
67        android:requestLegacyExternalStorage="true" >
67-->src\main\AndroidManifest.xml:15:196-239
68        <activity
68-->src\main\AndroidManifest.xml:16:5-24:16
69            android:name="com.epicgames.ue4.GameActivity"
69-->src\main\AndroidManifest.xml:16:15-60
70            android:configChanges="mcc|mnc|uiMode|density|screenSize|smallestScreenSize|screenLayout|orientation|keyboardHidden|keyboard"
70-->src\main\AndroidManifest.xml:16:159-284
71            android:debuggable="true"
71-->src\main\AndroidManifest.xml:16:396-421
72            android:label="@string/app_name"
72-->src\main\AndroidManifest.xml:16:61-93
73            android:launchMode="singleTask"
73-->src\main\AndroidManifest.xml:16:320-351
74            android:resizeableActivity="false"
74-->src\main\AndroidManifest.xml:16:285-319
75            android:screenOrientation="sensorLandscape"
75-->src\main\AndroidManifest.xml:16:352-395
76            android:theme="@android:style/Theme.Black.NoTitleBar.Fullscreen" >
76-->src\main\AndroidManifest.xml:16:94-158
77            <meta-data
77-->src\main\AndroidManifest.xml:17:7-76
78                android:name="android.app.lib_name"
78-->src\main\AndroidManifest.xml:17:18-53
79                android:value="UE4" />
79-->src\main\AndroidManifest.xml:17:54-73
80
81            <intent-filter>
81-->src\main\AndroidManifest.xml:18:7-22:23
82                <action android:name="android.intent.action.MAIN" />
82-->src\main\AndroidManifest.xml:19:9-61
82-->src\main\AndroidManifest.xml:19:17-58
83
84                <category android:name="android.intent.category.LAUNCHER" />
84-->src\main\AndroidManifest.xml:20:9-69
84-->src\main\AndroidManifest.xml:20:19-66
85                <category android:name="com.oculus.intent.category.VR" />
85-->src\main\AndroidManifest.xml:21:9-66
85-->src\main\AndroidManifest.xml:21:19-63
86            </intent-filter>
87
88            <meta-data
88-->src\main\AndroidManifest.xml:23:7-81
89                android:name="com.oculus.vr.focusaware"
89-->src\main\AndroidManifest.xml:23:18-57
90                android:value="true" />
90-->src\main\AndroidManifest.xml:23:58-78
91        </activity>
92        <activity android:name="com.epicgames.HanZiCombat.DownloaderActivity" />
92-->src\main\AndroidManifest.xml:25:5-52
92-->src\main\AndroidManifest.xml:25:15-49
93
94        <meta-data
94-->src\main\AndroidManifest.xml:26:5-101
95            android:name="com.epicgames.ue4.GameActivity.EngineVersion"
95-->src\main\AndroidManifest.xml:26:16-75
96            android:value="4.27.2" />
96-->src\main\AndroidManifest.xml:26:76-98
97        <meta-data
97-->src\main\AndroidManifest.xml:27:5-112
98            android:name="com.epicgames.ue4.GameActivity.EngineBranch"
98-->src\main\AndroidManifest.xml:27:16-74
99            android:value="++UE4+Release-4.27" />
99-->src\main\AndroidManifest.xml:27:75-109
100        <meta-data
100-->src\main\AndroidManifest.xml:28:5-103
101            android:name="com.epicgames.ue4.GameActivity.ProjectVersion"
101-->src\main\AndroidManifest.xml:28:16-76
102            android:value="1.0.0.0" />
102-->src\main\AndroidManifest.xml:28:77-100
103        <meta-data
103-->src\main\AndroidManifest.xml:29:5-104
104            android:name="com.epicgames.ue4.GameActivity.DepthBufferPreference"
104-->src\main\AndroidManifest.xml:29:16-83
105            android:value="0" />
105-->src\main\AndroidManifest.xml:29:84-101
106        <meta-data
106-->src\main\AndroidManifest.xml:30:5-107
107            android:name="com.epicgames.ue4.GameActivity.bPackageDataInsideApk"
107-->src\main\AndroidManifest.xml:30:16-83
108            android:value="true" />
108-->src\main\AndroidManifest.xml:30:84-104
109        <meta-data
109-->src\main\AndroidManifest.xml:31:5-106
110            android:name="com.epicgames.ue4.GameActivity.bVerifyOBBOnStartUp"
110-->src\main\AndroidManifest.xml:31:16-81
111            android:value="false" />
111-->src\main\AndroidManifest.xml:31:82-103
112        <meta-data
112-->src\main\AndroidManifest.xml:32:5-99
113            android:name="com.epicgames.ue4.GameActivity.bShouldHideUI"
113-->src\main\AndroidManifest.xml:32:16-75
114            android:value="true" />
114-->src\main\AndroidManifest.xml:32:76-96
115        <meta-data
115-->src\main\AndroidManifest.xml:33:5-104
116            android:name="com.epicgames.ue4.GameActivity.ProjectName"
116-->src\main\AndroidManifest.xml:33:16-73
117            android:value="HanZiCombat" />
117-->src\main\AndroidManifest.xml:33:74-101
118        <meta-data
118-->src\main\AndroidManifest.xml:34:5-89
119            android:name="com.epicgames.ue4.GameActivity.AppType"
119-->src\main\AndroidManifest.xml:34:16-69
120            android:value="" />
120-->src\main\AndroidManifest.xml:34:70-86
121        <meta-data
121-->src\main\AndroidManifest.xml:35:5-98
122            android:name="com.epicgames.ue4.GameActivity.bHasOBBFiles"
122-->src\main\AndroidManifest.xml:35:16-74
123            android:value="true" />
123-->src\main\AndroidManifest.xml:35:75-95
124        <meta-data
124-->src\main\AndroidManifest.xml:36:5-111
125            android:name="com.epicgames.ue4.GameActivity.BuildConfiguration"
125-->src\main\AndroidManifest.xml:36:16-80
126            android:value="Development" />
126-->src\main\AndroidManifest.xml:36:81-108
127        <meta-data
127-->src\main\AndroidManifest.xml:37:5-99
128            android:name="com.epicgames.ue4.GameActivity.CookedFlavors"
128-->src\main\AndroidManifest.xml:37:16-75
129            android:value="ASTC" />
129-->src\main\AndroidManifest.xml:37:76-96
130        <meta-data
130-->src\main\AndroidManifest.xml:38:5-109
131            android:name="com.epicgames.ue4.GameActivity.bValidateTextureFormats"
131-->src\main\AndroidManifest.xml:38:16-85
132            android:value="true" />
132-->src\main\AndroidManifest.xml:38:86-106
133        <meta-data
133-->src\main\AndroidManifest.xml:39:5-107
134            android:name="com.epicgames.ue4.GameActivity.bUseExternalFilesDir"
134-->src\main\AndroidManifest.xml:39:16-82
135            android:value="false" />
135-->src\main\AndroidManifest.xml:39:83-104
136        <meta-data
136-->src\main\AndroidManifest.xml:40:5-102
137            android:name="com.epicgames.ue4.GameActivity.bPublicLogFiles"
137-->src\main\AndroidManifest.xml:40:16-77
138            android:value="false" />
138-->src\main\AndroidManifest.xml:40:78-99
139        <meta-data
139-->src\main\AndroidManifest.xml:41:5-104
140            android:name="com.epicgames.ue4.GameActivity.bUseDisplayCutout"
140-->src\main\AndroidManifest.xml:41:16-79
141            android:value="false" />
141-->src\main\AndroidManifest.xml:41:80-101
142        <meta-data
142-->src\main\AndroidManifest.xml:42:5-95
143            android:name="com.epicgames.ue4.GameActivity.bAllowIMU"
143-->src\main\AndroidManifest.xml:42:16-71
144            android:value="true" />
144-->src\main\AndroidManifest.xml:42:72-92
145        <meta-data
145-->src\main\AndroidManifest.xml:43:5-101
146            android:name="com.epicgames.ue4.GameActivity.bSupportsVulkan"
146-->src\main\AndroidManifest.xml:43:16-77
147            android:value="true" />
147-->src\main\AndroidManifest.xml:43:78-98
148        <meta-data
148-->src\main\AndroidManifest.xml:44:5-141
149            android:name="com.epicgames.ue4.GameActivity.StartupPermissions"
149-->src\main\AndroidManifest.xml:44:16-80
150            android:value="android.permission.WRITE_EXTERNAL_STORAGE" />
150-->src\main\AndroidManifest.xml:44:81-138
151        <meta-data
151-->src\main\AndroidManifest.xml:45:5-100
152            android:name="com.google.android.gms.games.APP_ID"
152-->src\main\AndroidManifest.xml:45:16-66
153            android:value="@string/app_id" />
153-->src\main\AndroidManifest.xml:45:67-97
154        <meta-data
154-->src\main\AndroidManifest.xml:46:5-118
155            android:name="com.google.android.gms.version"
155-->src\main\AndroidManifest.xml:46:16-61
156            android:value="@integer/google_play_services_version" />
156-->src\main\AndroidManifest.xml:46:62-115
157
158        <activity
158-->src\main\AndroidManifest.xml:47:5-180
159            android:name="com.google.android.gms.ads.AdActivity"
159-->src\main\AndroidManifest.xml:47:15-67
160            android:configChanges="keyboard|keyboardHidden|orientation|screenLayout|uiMode|screenSize|smallestScreenSize" />
160-->src\main\AndroidManifest.xml:47:68-177
161
162        <service android:name="com.epicgames.HanZiCombat.OBBDownloaderService" />
162-->src\main\AndroidManifest.xml:48:5-52
162-->src\main\AndroidManifest.xml:48:14-49
163
164        <receiver android:name="com.epicgames.HanZiCombat.AlarmReceiver" />
164-->src\main\AndroidManifest.xml:49:5-46
164-->src\main\AndroidManifest.xml:49:15-43
165        <receiver android:name="com.epicgames.ue4.LocalNotificationReceiver" />
165-->src\main\AndroidManifest.xml:50:5-76
165-->src\main\AndroidManifest.xml:50:15-73
166        <receiver
166-->src\main\AndroidManifest.xml:51:5-55:16
167            android:name="com.epicgames.ue4.MulticastBroadcastReceiver"
167-->src\main\AndroidManifest.xml:51:15-74
168            android:exported="true" >
168-->src\main\AndroidManifest.xml:51:75-98
169            <intent-filter>
169-->src\main\AndroidManifest.xml:52:7-54:23
170                <action android:name="com.android.vending.INSTALL_REFERRER" />
170-->src\main\AndroidManifest.xml:53:9-71
170-->src\main\AndroidManifest.xml:53:17-68
171            </intent-filter>
172        </receiver>
173
174        <meta-data
174-->src\main\AndroidManifest.xml:56:5-73
175            android:name="android.max_aspect"
175-->src\main\AndroidManifest.xml:56:16-49
176            android:value="2.10" />
176-->src\main\AndroidManifest.xml:56:50-70
177        <meta-data
177-->src\main\AndroidManifest.xml:57:5-90
178            android:name="com.oculus.supportedDevices"
178-->src\main\AndroidManifest.xml:57:16-58
179            android:value="quest|delmar" />
179-->src\main\AndroidManifest.xml:57:59-87
180
181        <activity
181-->[com.google.android.gms:play-services-auth:11.8.0] AndroidManifest.xml:23:9-27:75
182            android:name="com.google.android.gms.auth.api.signin.internal.SignInHubActivity"
182-->[com.google.android.gms:play-services-auth:11.8.0] AndroidManifest.xml:24:13-93
183            android:excludeFromRecents="true"
183-->[com.google.android.gms:play-services-auth:11.8.0] AndroidManifest.xml:25:13-46
184            android:exported="false"
184-->[com.google.android.gms:play-services-auth:11.8.0] AndroidManifest.xml:26:13-37
185            android:theme="@android:style/Theme.Translucent.NoTitleBar" />
185-->[com.google.android.gms:play-services-auth:11.8.0] AndroidManifest.xml:27:13-72
186        <!--
187            Service handling Google Sign-In user revocation. For apps that do not integrate with
188            Google Sign-In, this service will never be started.
189        -->
190        <service
190-->[com.google.android.gms:play-services-auth:11.8.0] AndroidManifest.xml:33:9-36:110
191            android:name="com.google.android.gms.auth.api.signin.RevocationBoundService"
191-->[com.google.android.gms:play-services-auth:11.8.0] AndroidManifest.xml:34:13-89
192            android:exported="true"
192-->[com.google.android.gms:play-services-auth:11.8.0] AndroidManifest.xml:35:13-36
193            android:permission="com.google.android.gms.auth.api.signin.permission.REVOCATION_NOTIFICATION" />
193-->[com.google.android.gms:play-services-auth:11.8.0] AndroidManifest.xml:36:13-107
194
195        <meta-data
195-->[com.android.billingclient:billing:3.0.0] AndroidManifest.xml:13:9-15:37
196            android:name="com.google.android.play.billingclient.version"
196-->[com.android.billingclient:billing:3.0.0] AndroidManifest.xml:14:13-73
197            android:value="3.0.0" />
197-->[com.android.billingclient:billing:3.0.0] AndroidManifest.xml:15:13-34
198
199        <activity
199-->[com.android.billingclient:billing:3.0.0] AndroidManifest.xml:17:9-20:75
200            android:name="com.android.billingclient.api.ProxyBillingActivity"
200-->[com.android.billingclient:billing:3.0.0] AndroidManifest.xml:18:13-78
201            android:configChanges="keyboard|keyboardHidden|screenLayout|screenSize|orientation"
201-->[com.android.billingclient:billing:3.0.0] AndroidManifest.xml:19:13-96
202            android:theme="@android:style/Theme.Translucent.NoTitleBar" />
202-->[com.android.billingclient:billing:3.0.0] AndroidManifest.xml:20:13-72
203        <activity
203-->[com.google.android.gms:play-services-base:11.8.0] AndroidManifest.xml:23:9-26:75
204            android:name="com.google.android.gms.common.api.GoogleApiActivity"
204-->[com.google.android.gms:play-services-base:11.8.0] AndroidManifest.xml:24:13-79
205            android:exported="false"
205-->[com.google.android.gms:play-services-base:11.8.0] AndroidManifest.xml:25:13-37
206            android:theme="@android:style/Theme.Translucent.NoTitleBar" />
206-->[com.google.android.gms:play-services-base:11.8.0] AndroidManifest.xml:26:13-72
207
208        <provider
208-->[androidx.lifecycle:lifecycle-process:2.0.0] AndroidManifest.xml:23:9-27:43
209            android:name="androidx.lifecycle.ProcessLifecycleOwnerInitializer"
209-->[androidx.lifecycle:lifecycle-process:2.0.0] AndroidManifest.xml:24:13-79
210            android:authorities="com.epicgames.HanZiCombat.lifecycle-process"
210-->[androidx.lifecycle:lifecycle-process:2.0.0] AndroidManifest.xml:25:13-69
211            android:exported="false"
211-->[androidx.lifecycle:lifecycle-process:2.0.0] AndroidManifest.xml:26:13-37
212            android:multiprocess="true" />
212-->[androidx.lifecycle:lifecycle-process:2.0.0] AndroidManifest.xml:27:13-40
213    </application>
214
215</manifest>